<?xml version="1.0" encoding="UTF-8"?>
<!-- Generated by org.testng.reporters.JUnitReportReporter -->
<testsuite hostname="ad-PC" name="com.mailer.Testcases.TeespringMailer" tests="1" failures="0" timestamp="3 Aug 2017 12:08:25 GMT" time="33.518" errors="0">
  <testcase name="mailerGetImage" time="33.518" classname="com.mailer.Testcases.TeespringMailer"/>
</testsuite> <!-- com.mailer.Testcases.TeespringMailer -->
