<?xml version="1.0" encoding="UTF-8"?>
<!-- Generated by org.testng.reporters.JUnitReportReporter -->
<testsuite hostname="ad-PC" name="com.mailer.CopyOfMailer" tests="2" failures="0" timestamp="2 Aug 2017 06:01:38 GMT" time="6.102" errors="0">
  <testcase name="mailerGetImage" time="1.111" classname="com.mailer.CopyOfMailer"/>
  <testcase name="chek" time="4.991" classname="com.mailer.CopyOfMailer"/>
</testsuite> <!-- com.mailer.CopyOfMailer -->
