<?xml version="1.0" encoding="UTF-8"?>
<!-- Generated by org.testng.reporters.JUnitReportReporter -->
<testsuite hostname="ad-PC" name="com.mailer.PageObjectModelTeespring" tests="1" failures="0" timestamp="2 Aug 2017 14:05:19 GMT" time="18.740" errors="0">
  <testcase name="dmcaimages" time="18.740" classname="com.mailer.PageObjectModelTeespring"/>
</testsuite> <!-- com.mailer.PageObjectModelTeespring -->
